20:20 ggmrbeast : lo
20:20 peggy     : gi
20:20 peggy     : dang o che do j v
20:21 ggmrbeast : creative
20:22 peggy     : dap thu cai cot nay xem
20:22 peggy     : alo
20:22 ggmrbeast : cai naoi
20:22 peggy     : dap thu cot nay xem dc k
20:22 ggmrbeast : k dc
20:22 peggy     : that k ?
20:22 ggmrbeast : nhin ne
20:22 ggmrbeast : k thay a`
20:22 ggmrbeast : t dat block cx k dc
20:22 peggy     : ok
20:23 peggy     : TNT xem
20:23 ggmrbeast : k dc lun
20:23 ggmrbeast : doi ti
20:23 peggy     : ok
20:32 ggmrbeast : alo\
20:32 peggy     : jk
20:32 peggy     : j
20:32 ggmrbeast : ket
20:32 ggmrbeast : k mo cua d
20:32 ggmrbeast : dc*
20:32 ggmrbeast : de t xay cai nha ben day
20:32 peggy     : ra cho khac xem xay dc ko
20:33 ggmrbeast : cho khac thi dc
20:33 peggy     : alo
20:33 peggy     : ra day xem pha dc k
20:33 ggmrbeast : chac nha nay m ca`i ca'i lenh gi de k bi pha nha r
20:33 ggmrbeast : dc
20:33 ggmrbeast : day
20:33 peggy     : ko cai`
20:33 ggmrbeast : cai lenh claim ay
20:34 peggy     : dung xeng vang
20:34 ggmrbeast : kieu no se bao ve cai manh dat cua a
20:34 peggy     : droi
20:34 peggy     : clam blocks
20:34 peggy     : claim
20:34 peggy     : xong roi set pham vi
20:35 peggy     : dung xeng vang de set pham vi
20:35 peggy     : dùng gậy để kiểm tra xem ai đã sở hữu
20:36 peggy     : thay j k
20:36 ggmrbeast : sao cai range no thap v =))
20:37 ggmrbeast : a lam cai pham vi to ra dc k
20:37 peggy     : go abandonclaim de xoa' manh dat bao ve
20:37 peggy     : dc chua
20:37 peggy     : ma m k set pham vi dc a`
20:37 ggmrbeast : dc
20:37 peggy     : tu set di
20:37 ggmrbeast : y la
20:37 ggmrbeast : set cai cho th
20:37 ggmrbeast : con pham vi thi k
20:38 ggmrbeast : toi da 1 block :v
20:38 ggmrbeast : 100
20:38 peggy     : t set sao m dung` xay nha dc =))
20:38 peggy     : de t tang
20:38 ggmrbeast : tam 1028 hay them di
20:38 peggy     : 10 x 100 = 1000
20:38 peggy     : cho 2000
20:39 peggy     : server khac no tinh tien m
20:39 ggmrbeast : ok r
20:39 ggmrbeast : =)))
20:40 peggy     : rong vc vay
20:40 ggmrbeast : :>
20:41 peggy     : lai be' r
20:41 ggmrbeast : dc r
20:42 peggy     : 20x23 = 460 claims
20:42 peggy     : rong ra nua di
20:43 ggmrbeast : nhieu do du r
20:44 peggy     : ggmrbeast
20:44 ggmrbeast : sao
20:48 peggy     : go lenh /trust de cho phep nguoi khac pha' nha`
20:48 peggy     : go lenh: /trust peggy
20:49 ggmrbeast : co cc
20:49 ggmrbeast : =)))
20:49 peggy     : =))
20:52 ggmrbeast : chet me
20:52 ggmrbeast : nham me r
20:52 ggmrbeast : clm
20:52 peggy     : sao v
20:52 ggmrbeast : lon ti le
21:13 peggy     : cc j v
21:13 ggmrbeast : nha
21:13 ggmrbeast : =)))
21:13 ggmrbeast : chinh troi sang len dui
21:22 peggy     : nigger
21:23 peggy     : fuck u
21:23 peggy     : sao ko bi cam' chat nhi
21:23 ggmrbeast : =))
21:29 ggmrbeast : chinh sang len voi
21:29 ggmrbeast : toi qua deo thay gi
21:40 peggy     : alo
21:40 ggmrbeast : sao
21:57 peggy     : alo xong chua
21:57 ggmrbeast : gan r
21:57 ggmrbeast : sao v
21:57 peggy     : dong server pha'
21:58 ggmrbeast : doi ti
21:58 ggmrbeast : sap
21:58 peggy     : ok
22:01 ggmrbeast placed suspicious WATER_BUCKET @ world: x-934, z-53
22:02 ggmrbeast placed suspicious WATER_BUCKET @ world: x-934, z-52
22:02 ggmrbeast placed suspicious WATER_BUCKET @ world: x-934, z-35
22:02 ggmrbeast placed suspicious WATER_BUCKET @ world: x-934, z-32
22:02 ggmrbeast placed suspicious WATER_BUCKET @ world: x-924, z-52
22:02 ggmrbeast placed suspicious WATER_BUCKET @ world: x-917, z-42
22:02 ggmrbeast placed suspicious WATER_BUCKET @ world: x-926, z-34
22:03 ggmrbeast placed suspicious AXOLOTL_BUCKET @ world: x-933, z-33
22:03 ggmrbeast placed suspicious AXOLOTL_BUCKET @ world: x-934, z-33
22:03 ggmrbeast placed suspicious AXOLOTL_BUCKET @ world: x-934, z-33
22:03 ggmrbeast placed suspicious AXOLOTL_BUCKET @ world: x-934, z-34
22:03 ggmrbeast placed suspicious AXOLOTL_BUCKET @ world: x-934, z-34
22:03 ggmrbeast placed suspicious AXOLOTL_BUCKET @ world: x-935, z-35
22:04 ggmrbeast placed suspicious AXOLOTL_BUCKET @ world: x-934, z-48
22:04 ggmrbeast placed suspicious AXOLOTL_BUCKET @ world: x-934, z-48
22:04 ggmrbeast placed suspicious AXOLOTL_BUCKET @ world: x-934, z-49
22:04 ggmrbeast placed suspicious AXOLOTL_BUCKET @ world: x-934, z-51
22:04 ggmrbeast placed suspicious AXOLOTL_BUCKET @ world: x-934, z-51
22:04 ggmrbeast placed suspicious AXOLOTL_BUCKET @ world: x-932, z-52
22:04 ggmrbeast placed suspicious AXOLOTL_BUCKET @ world: x-932, z-52
22:04 ggmrbeast placed suspicious AXOLOTL_BUCKET @ world: x-931, z-53
22:04 ggmrbeast placed suspicious AXOLOTL_BUCKET @ world: x-930, z-52
22:04 ggmrbeast placed suspicious AXOLOTL_BUCKET @ world: x-928, z-52
22:04 ggmrbeast placed suspicious AXOLOTL_BUCKET @ world: x-927, z-52
22:04 ggmrbeast placed suspicious AXOLOTL_BUCKET @ world: x-926, z-52
22:04 ggmrbeast placed suspicious AXOLOTL_BUCKET @ world: x-925, z-52
22:04 ggmrbeast placed suspicious AXOLOTL_BUCKET @ world: x-923, z-52
22:04 ggmrbeast placed suspicious AXOLOTL_BUCKET @ world: x-922, z-52
22:04 ggmrbeast placed suspicious AXOLOTL_BUCKET @ world: x-920, z-52
22:04 ggmrbeast placed suspicious AXOLOTL_BUCKET @ world: x-919, z-52
22:04 ggmrbeast placed suspicious AXOLOTL_BUCKET @ world: x-917, z-52
22:04 ggmrbeast placed suspicious AXOLOTL_BUCKET @ world: x-917, z-51
22:04 ggmrbeast placed suspicious AXOLOTL_BUCKET @ world: x-916, z-50
22:04 ggmrbeast placed suspicious AXOLOTL_BUCKET @ world: x-917, z-49
22:04 ggmrbeast placed suspicious AXOLOTL_BUCKET @ world: x-917, z-48
22:04 ggmrbeast placed suspicious AXOLOTL_BUCKET @ world: x-917, z-47
22:04 ggmrbeast placed suspicious AXOLOTL_BUCKET @ world: x-917, z-46
22:04 ggmrbeast placed suspicious AXOLOTL_BUCKET @ world: x-917, z-45
22:04 ggmrbeast placed suspicious AXOLOTL_BUCKET @ world: x-917, z-43
22:04 ggmrbeast placed suspicious AXOLOTL_BUCKET @ world: x-917, z-41
22:04 ggmrbeast placed suspicious AXOLOTL_BUCKET @ world: x-917, z-39
22:04 ggmrbeast placed suspicious AXOLOTL_BUCKET @ world: x-917, z-38
22:04 ggmrbeast placed suspicious AXOLOTL_BUCKET @ world: x-917, z-37
22:04 ggmrbeast placed suspicious AXOLOTL_BUCKET @ world: x-917, z-37
22:05 ggmrbeast : xong r
22:05 ggmrbeast : qua dep
22:06 ggmrbeast : mai t xay tiep
22:06 ggmrbeast : =))
