14:09 ggmrbeast : k sai dc mic hay sao ay
14:09 peggy     : dang dung ban nao v
14:09 ggmrbeast : 1.21.8 forge
14:10 peggy     : nhu cc nhi =))
14:10 peggy     : deo biet cai kieu j
14:11 ggmrbeast placed suspicious WATER_BUCKET @ world: x-932, z-39
14:12 ggmrbeast placed suspicious WATER_BUCKET @ world: x-932, z-38
14:12 ggmrbeast placed suspicious WATER_BUCKET @ world: x-931, z-37
14:12 ggmrbeast placed suspicious WATER_BUCKET @ world: x-929, z-35
14:12 ggmrbeast placed suspicious WATER_BUCKET @ world: x-921, z-36
14:12 ggmrbeast placed suspicious WATER_BUCKET @ world: x-921, z-36
14:12 ggmrbeast placed suspicious WATER_BUCKET @ world: x-920, z-37
14:12 ggmrbeast placed suspicious WATER_BUCKET @ world: x-920, z-37
14:12 ggmrbeast placed suspicious WATER_BUCKET @ world: x-919, z-39
14:12 ggmrbeast placed suspicious WATER_BUCKET @ world: x-919, z-39
14:12 ggmrbeast placed suspicious WATER_BUCKET @ world: x-918, z-40
14:12 ggmrbeast placed suspicious WATER_BUCKET @ world: x-919, z-44
14:12 ggmrbeast placed suspicious WATER_BUCKET @ world: x-919, z-44
14:12 ggmrbeast placed suspicious WATER_BUCKET @ world: x-920, z-46
14:12 ggmrbeast placed suspicious WATER_BUCKET @ world: x-920, z-46
14:12 ggmrbeast placed suspicious WATER_BUCKET @ world: x-921, z-47
14:12 ggmrbeast placed suspicious WATER_BUCKET @ world: x-922, z-48
14:12 ggmrbeast placed suspicious WATER_BUCKET @ world: x-924, z-49
14:12 ggmrbeast placed suspicious WATER_BUCKET @ world: x-928, z-48
14:12 ggmrbeast placed suspicious WATER_BUCKET @ world: x-930, z-47
14:12 ggmrbeast placed suspicious WATER_BUCKET @ world: x-931, z-46
14:12 ggmrbeast placed suspicious WATER_BUCKET @ world: x-931, z-46
14:12 ggmrbeast placed suspicious WATER_BUCKET @ world: x-932, z-44
14:12 ggmrbeast placed suspicious WATER_BUCKET @ world: x-933, z-42
14:14 ggmrbeast placed suspicious AXOLOTL_BUCKET @ world: x-934, z-33
14:14 ggmrbeast placed suspicious AXOLOTL_BUCKET @ world: x-934, z-33
14:14 ggmrbeast placed suspicious AXOLOTL_BUCKET @ world: x-934, z-34
14:14 peggy     : bat ESC len nhan vao mods xem co' cai` dc mods do ko
14:14 ggmrbeast : khong
14:22 ggmrbeast : 9 nghe k
14:23 peggy     : nghe
14:23 peggy     : chi cai la xong a` Heo hay config gi nua k ?
14:24 peggy     : NHAN NUT V
14:25 peggy     : CHI NGHE DUOC TRONG PHAM VI 48cm thoi
14:25 peggy     : di xa la k nghe dc
14:34 peggy     : alo
14:34 peggy     : m dung dc lenh j k
14:34 ggmrbeast : sao
14:35 peggy     : dung thu lenh time set day xem
14:35 ggmrbeast : k dc
14:35 ggmrbeast : a chua cho e cai quyen =))
14:35 peggy     : t k set OP cho m dc
14:35 peggy     : m se pha'
14:35 peggy     : =))
14:35 ggmrbeast : ai them pha dau :(
14:36 ggmrbeast : k tin nguoi gi het
14:36 ggmrbeast : vo day xay nha la chinh chu lam gi dau =)))
14:36 peggy     : goi them may thg nua di
14:36 peggy     : thg Krix k vao dc deo hieu
14:36 peggy     : max 20 nguoi
14:37 ggmrbeast : ru b kia ay
14:37 ggmrbeast : HVTL GI AY
14:39 peggy     : vl
14:39 peggy     : cc j v
14:39 ggmrbeast : =))
14:39 peggy     : giap manh nhat a
14:40 ggmrbeast : manh nhat day
14:40 ggmrbeast : =)))
14:40 peggy     : bay dc k
14:41 ggmrbeast : =)))
14:41 ggmrbeast : deo cai elytra v
14:41 ggmrbeast : vo
14:42 ggmrbeast placed suspicious WATER_BUCKET @ world: x-921, z-36
14:43 peggy     : ny ngu qua
14:43 peggy     : xay nha tren dao
14:44 peggy     : nghe dc k
14:44 ggmrbeast : k nghe a`
14:44 peggy     : the m co nghe dc a ns j k
14:44 ggmrbeast : co
14:46 peggy     : the nay m chua cai` mod thi co nghe dc a ns j k
14:46 ggmrbeast : ko
14:51 ggmrbeast :  placed a sign @ world: x-936, z-43
  nha gianh cho doi ta
  <3
14:51 peggy     : j v
14:59 peggy     : hello vo iu
14:59 MilkTea   : qq
14:59 peggy     : e iu ko mo dc mic ha
15:01 MilkTea   : di ra kia
15:02 peggy     : di ra dau e iu
15:02 ggmrbeast : =))
15:05 peggy     : nha` dau roi e i u
15:06 ggmrbeast : 9 tp e ra
15:06 peggy     : ko biet em iu t o goc nao r
15:06 ggmrbeast : trc mat kia
15:06 MilkTea   : tieng j v
15:07 ggmrbeast : nhin thay cai thanh kinh nghiem k
15:07 peggy     : tieng tieu diet rong a'
15:07 peggy     : ko dang creative ma
15:08 peggy     : ua nha o dau v
15:09 peggy     : de cam' duoc'
15:10 ggmrbeast : k co e kris buon qua
15:10 ggmrbeast : co don le loi
15:10 peggy     : ultraview cho no di
15:10 ggmrbeast : no k chiu =))
15:10 ggmrbeast : so bi hack =))))
15:11 ggmrbeast : \
15:12 peggy     : clear
15:14 ggmrbeast : sao k cho meo an ca dc ta
15:14 ggmrbeast : meo k an ca a`
15:17 peggy     : vc nha dau v
15:17 ggmrbeast : =)))
15:18 peggy     : ny a dang doi~ =)))
15:18 ggmrbeast : muon xay cau a`
15:19 peggy     : uh =)))
15:19 MilkTea   : ai v
15:19 peggy     : thg ban anh
15:23 peggy     : dang xay di dau v
15:23 ggmrbeast : cha bt nua
15:23 ggmrbeast : =))
15:23 peggy     : xay ve cho kia dc k
15:23 ggmrbeast : cho nao
15:23 ggmrbeast : nha ay ha
15:23 peggy     : nha
15:23 ggmrbeast : vcl
15:29 peggy     : de a xay
15:31 ggmrbeast : cau xong r ne 9
15:31 ggmrbeast : k bt noi ve dc k :))
15:31 peggy     : dau
15:31 peggy     : doi tri
15:38 peggy     : alo
15:38 peggy     : duong ray nao chay tu dong v
15:39 ggmrbeast : ???
15:39 ggmrbeast : vcl
15:40 ggmrbeast : e tutu
15:42 ggmrbeast : =)))
15:42 ggmrbeast : co cai nhanh hon ay
15:42 ggmrbeast : nhma
15:42 peggy     : vc nhi
15:42 ggmrbeast : mat tgian th
15:43 ggmrbeast : 9 coi nay
15:47 ggmrbeast : e 9
15:47 ggmrbeast : lai day
15:47 ggmrbeast : test thu
15:47 peggy     : choi r
15:47 ggmrbeast : lam cai nay nhanh hon
15:47 ggmrbeast : =))
15:48 peggy     : nhung ma k len doc d
15:48 ggmrbeast : xay thang 1 dg ve nha lun
15:50 ggmrbeast : den doan nay k chay dc
15:50 ggmrbeast : dung xay may cai nay nhieu
15:53 ggmrbeast : technologia vcl =)))
15:54 peggy     : KO SAO DAU E
15:54 peggy     : DI DC LA DC =))
15:56 MilkTea   :  placed a sign @ world: x-359, z493
  a
15:56 MilkTea   :  placed a sign @ world: x-358, z492
  aw
15:56 MilkTea   :  placed a sign @ world: x-357, z493
  a
15:56 ggmrbeast : con bao xa v
15:57 ggmrbeast : l ma xa v
15:58 ggmrbeast : adu nhanh
15:58 ggmrbeast : v
15:58 peggy     : =))) XA VC
16:02 peggy     : khong xay nha gan a =.=
16:03 peggy     : e di dau v
16:09 ggmrbeast : alo
16:09 peggy     : j
16:09 ggmrbeast : xog ch
16:09 peggy     : di thu di
16:09 peggy     : xong r
16:12 ggmrbeast : cx hay phet=)))
16:13 peggy     : di xa vc =)))
16:13 peggy     : gio k biet ny a dang dau
16:13 peggy     : =)))
16:14 peggy     : kho'
16:14 peggy     : doi
16:14 peggy     : doi~ thi` kho' r
16:14 ggmrbeast : to`i v
16:15 peggy     : xa vc
16:15 peggy     : Heo
16:15 ggmrbeast : tp cho r =))
16:15 peggy     : biet khoi' gi tele ko
16:15 ggmrbeast : co mod
16:15 peggy     : nhớ có cái khối gì màu hồng hồng bấm nút ấy
16:15 ggmrbeast : co ha
16:17 ggmrbeast : co cai may dich chuyen ay
16:17 peggy     : dau
16:17 ggmrbeast : nhma cai nay k dc ua chuong lam =))
16:17 ggmrbeast placed suspicious WATER_BUCKET @ world: x-337, z368
16:18 ggmrbeast placed suspicious WATER_BUCKET @ world: x-337, z368
16:21 peggy     : alo dang dau v
16:21 ggmrbeast : dg lam may tp
