11:06 ggmrbeast : ai v 9
11:06 .BasalWings7831: tao
11:06 .BasalWings7831: la 9
11:06 ggmrbeast      : vcl
11:06 .BasalWings7831: vl khiep v
11:07 ggmrbeast      : bth :))
11:10 peggy          : tu out hay la bi out v ?
11:11 peggy          : de con fix
11:11 ggmrbeast      : bi out
11:11 peggy          : Mat ket noi a
11:11 ggmrbeast      : dr
11:11 ggmrbeast      : sao lag v ta
11:11 peggy          : vl =)))
11:20 peggy          : nay~ m có bị out ko e
11:20 ggmrbeast      : hoi nao
11:20 ggmrbeast      : nai h k bi
11:20 peggy          : ok
11:26 ggmrbeast      : sao lag r
11:26 peggy          : lag a'
11:26 ggmrbeast      : k ra lenh lun r =)))
11:27 peggy          : vl nhi
11:36 peggy          : nay gio co out k
11:36 ggmrbeast      : ko
11:45 ggmrbeast      : 9 oi e met qua =)))
11:45 ggmrbeast      : dcm
11:46 ggmrbeast      : cai lenh
11:46 ggmrbeast      : no xam l qua
11:49 Niran          : alo
11:49 Niran          : iron_ore
11:52 MilkTea        : hi
11:52 Niran          : hello
11:52 MilkTea        : who
11:53 Niran          : ban cua aog dimension :))
12:07 peggy          : Niran
12:08 Niran          : sao v
12:08 peggy          : choi sinh ton a b ?
12:08 Niran          : dr b
12:09 peggy          : co lag k b
12:09 Niran          : ko lag may
12:10 Niran          : chs ok phet
12:10 peggy          : vl sao ban cach nha chung toi xa v
12:11 Niran          : qua di vs og dimension chay ra tan day
12:11 peggy          : toi dang xay dau truong la ma
12:11 peggy          : thg b toi xay
12:11 peggy          : de PvP
12:11 Niran          : di farm do pvp cho de :))
12:14 peggy          : ban co choi phien ban bedrock ko
12:14 peggy          : vao test cho toi
12:14 Niran          : t ko
12:22 Niran     : sao t chui xg dat r :))
12:25 Niran     : :))
12:32 peggy     : vc =))) ong vao nhanh the
12:32 Niran     : vl :))
12:32 Niran     : sao t lai ve cho cu r :v
12:33 peggy     : toi xoa AutoSaveWorld roi
12:34 peggy     : toi xoa cai AutoSaveWorld roi thay nhieu loi qua'
12:34 Niran     : v h ko bi reload nx ak
12:35 Niran     : cho t xin lai 6 vien manh vo co dai di
12:36 Niran     : vl op qua :))
12:37 peggy     : lay di
12:37 Niran     : ok r
12:59 ggmrbeast : th niran la ai ay
13:00 ggmrbeast : ua
13:00 ggmrbeast : mic sao deo hien ta
13:00 ggmrbeast : test mic van nghe ma
13:03 peggy     : ko biet
13:04 peggy     : server van con loi nhieu lam
13:04 peggy     : neu ma dung Aternos thi nhanh roi
13:04 peggy     : nhung ma ko thich =))
13:04 ggmrbeast : aternos ngu vcl
13:04 ggmrbeast : lag voi ay lam
13:05 peggy     : tu tao server tu fix lag ngon hon
13:05 peggy     : tu code ngon hon
13:05 peggy     : nhung ma paid-jay.gl.joinmc.link
13:06 peggy     : cai public address này nằm ở singapore đấy
13:06 peggy     : nên là hơi lag
13:06 ggmrbeast : sai cai port bang so ay
13:06 ggmrbeast : 144 gi day quen r
13:06 peggy     : nếu dùng ngrok hoặc heroku thì ngon
13:06 peggy     : ip address đó cũng nằm bên sing mà
13:06 peggy     : tức là máy local của anh dùng là 127.0.0.1
13:07 ggmrbeast : kieu cai port o tren e k vo dc
13:07 ggmrbeast : nhma sa`i port 144 thi vo dc
13:07 ggmrbeast : deo hieu
13:07 peggy     : phải qua DataCenter nằm tại singapore thì mới ra cái địa chi 147
13:07 peggy     : 147.181.221.30
13:07 peggy     : địa chỉ này nằm ở singapore
13:08 peggy     : chẳng lẽ t mở địa chỉ củ wifi nhà t =)))
13:08 peggy     : để làm IP
13:08 peggy     : thay vì dùng playit.gg
13:08 ggmrbeast : =)))
13:08 ggmrbeast : hay day
13:08 peggy     : dungf playit.gg mà máy chủ của nó nằm bên sing
13:09 peggy     : để render ra cái link đb kia thì phải Add Tunels cổng 25565
13:10 ggmrbeast : 9
13:10 ggmrbeast : ranh k
13:10 peggy     : mà muốn có server tại Asia thì phải trả phí
13:10 peggy     : ranhr
13:10 peggy     : đ m a đang lo là có save server ko đây này
13:11 peggy     : m xây 1 tí thôi
13:11 ggmrbeast : dcm ko save la hoi khoai day :))
13:11 peggy     : để a đóng server xem m có ở vị trí cũ với m nhớ xem m xây những gì nhé
13:11 ggmrbeast : cai nay xay bang lenh nen nhanh thoi
13:11 ggmrbeast : mat cong la canh cho
13:11 ggmrbeast : ok
13:13 Niran     : vl :))
13:13 ggmrbeast : k dung cho cu
13:13 Niran     : ko save
13:13 ggmrbeast : nhma xay van y v
13:13 peggy     : ko save a
13:13 Niran     : t mat do r :))
13:13 ggmrbeast : =)))
13:13 ggmrbeast : mat do gi
13:14 Niran     : may do farm duoi nether
13:14 ggmrbeast : do gi
13:14 ggmrbeast : t give lai cho
13:14 Niran     : manh vo
13:14 ggmrbeast : vcl
13:14 Niran     : 26 cai
13:15 ggmrbeast : tan 26 cai a
13:15 ggmrbeast : ghe v
13:15 Niran     : dr
13:15 Niran     : vua di dapda
13:16 Niran     : xin lai di
13:17 Niran     : rong v :v
13:17 ggmrbeast : vcl full set kc r a`
13:17 ggmrbeast : ghe v
13:17 ggmrbeast : moi 1 ngay ma
13:17 ggmrbeast : =)))
13:17 Niran     : mine kc nhanh ma
13:17 peggy     : à quên mất server tự động save sau mỗi 5 phút mà nhỉ
13:17 peggy     : chơi lâu lâu tí
13:18 peggy     : có thấy chứ [Server: Saved the game] ko Heo
13:18 peggy     : chữ
13:18 ggmrbeast : cuoi cung cx xong cai tuong
13:18 Niran     : xin li manh vo codai
13:19 Niran     : di dapda tiep
13:19 peggy     : mảnh vỡ cỏ dại @@
13:19 Niran     : :v
13:19 peggy     : ko biet la cai j
13:19 ggmrbeast : doi ti
13:19 ggmrbeast : block ha
13:19 Niran     : ko
13:19 Niran     : cai manh nung r
13:19 ggmrbeast : a r
13:20 peggy     : lay di
13:20 peggy     : xong cho ve survival =))
13:20 Niran     : ok r
13:20 ggmrbeast : r day
13:20 ggmrbeast : 21 dk
13:20 Niran     : 26 :))
13:20 ggmrbeast : =))
13:20 ggmrbeast : e Chien
13:21 ggmrbeast : pha may block da tren cao gium di
13:22 peggy     : block nao
13:22 ggmrbeast : nay ne
13:22 peggy     : goi lenh //set air
