20:06 ggmrbeast : -932
20:06 ggmrbeast : 63
20:07 ggmrbeast : -79
20:36 ggmrbeast : -893
20:36 ggmrbeast : 63
20:36 ggmrbeast : -74
20:39 ggmrbeast : \
20:43 ggmrbeast : -944
20:43 ggmrbeast : 63
20:43 ggmrbeast : -127
21:46 DimensionVisitor: aloo
21:46 DimensionVisitor: con ai song k
21:46 ggmrbeast       : th nao day
21:46 DimensionVisitor: haruto
21:46 ggmrbeast       : la ai?
21:46 ggmrbeast       : co trong nhom k
21:46 DimensionVisitor: co
21:47 DimensionVisitor: brim khổng châu
21:47 ggmrbeast       : khong chau a`
21:47 DimensionVisitor: yes
21:47 DimensionVisitor: dang dau day
21:47 ggmrbeast       : xay nha
21:47 DimensionVisitor: ở đâu
21:48 DimensionVisitor: vai o
21:48 DimensionVisitor: aduu
21:48 DimensionVisitor: cái cổng nether chất đấy
21:48 ggmrbeast       : choi ban forge 1.21.8 de bat mic
21:48 ggmrbeast       : =)))
21:48 DimensionVisitor: forge a ?
21:48 DimensionVisitor: để đi tải
21:48 ggmrbeast       : cai mod trc
21:48 DimensionVisitor: cos j cài shader luôn
21:48 ggmrbeast       : ok
21:48 DimensionVisitor: mod ten j e nhe
21:48 ggmrbeast       : simple voice hay sao ayu
21:48 DimensionVisitor: oke
21:48 ggmrbeast       : 2m download ay
21:50 DimensionVisitor: nô lệ gg mrbeast =))) build đi
21:50 ggmrbeast       : =)))
21:50 ggmrbeast       : con cho cua chien
21:50 ggmrbeast       : :(
21:50 DimensionVisitor: phụ hồ =))
21:50 DimensionVisitor: supoport lake
21:52 DimensionVisitor: yẹt sơ
21:52 DimensionVisitor: thời kỳ đồ đá
21:52 ggmrbeast       : =)))
21:54 ggmrbeast       : can troi sang k
21:54 DimensionVisitor: cos
21:54 DimensionVisitor: có
21:54 ggmrbeast       : sau rao ban may can nha nay =))
21:54 DimensionVisitor: ông biết loài ng cần j ở thời kỳ đồ đá mà =))
21:54 DimensionVisitor: hỏi chiến ế =))
21:54 ggmrbeast       : moi can 1000 netherite =)))
21:54 DimensionVisitor: vailoz
21:54 DimensionVisitor: =))
21:55 DimensionVisitor: nền văn minh tư bản =))
21:55 ggmrbeast       : =)))
22:04 ggmrbeast       : chac khoe r nhi
22:04 ggmrbeast       : =))
22:04 DimensionVisitor: =)))
22:04 DimensionVisitor: chiu r
22:04 DimensionVisitor: khoe thi thanh speedrunner r
22:05 ggmrbeast       : khuyen mai tv dau tien
22:05 ggmrbeast       : =))
22:05 DimensionVisitor: ha =))?
22:05 ggmrbeast       : k gi
22:07 DimensionVisitor: k thấy quái j nhể
22:08 ggmrbeast       : troi sang miet ma =))
22:08 ggmrbeast       : th chien dang de mode easy
22:08 DimensionVisitor: =)) k nma ý là kiểu hang các thứ vẫn có mà
22:08 ggmrbeast       : cho ny no song de hon ay
22:08 DimensionVisitor: thế mẽo nào chế độ ez mà thanh thức ăn t tụt nhanh thế này =))
22:08 DimensionVisitor: =))) cmn phân biệt ng chơi à
22:08 ggmrbeast       : kho noi =)))
22:08 DimensionVisitor: game /lừa r
22:09 DimensionVisitor: k có lợn j luôn mà :((
22:09 ggmrbeast       : khuyen mai
22:09 ggmrbeast       : cho 10 trai tao
22:09 ggmrbeast       : =))))
22:10 DimensionVisitor: =))) oke
22:10 ggmrbeast       : de song
22:10 DimensionVisitor: hình thái đầu tiên của mua bán =)) táo
22:10 DimensionVisitor: cho táo 16 đê
22:10 ggmrbeast       : no nhe :)))
22:10 DimensionVisitor: cho táo XS Max này
22:10 DimensionVisitor: =)))
22:10 ggmrbeast       : cho vay trc :)))
22:10 ggmrbeast       : sau tra a 10 kim cuong la dc
22:10 ggmrbeast       : =)))))
22:10 DimensionVisitor: táo XS max này rẻ :( cần táo 16 chơi cho mượt
22:10 DimensionVisitor: vailoz tư bản =))
22:11 ggmrbeast       : moi thu deu dc giai quyet bang khoang san =)))
22:11 DimensionVisitor: bán thân đk =)
22:11 ggmrbeast       : 1 dem 1 trai tao
22:11 ggmrbeast       : =)))
22:11 DimensionVisitor: vl chó rừng này =))
22:11 DimensionVisitor: vai ò chát
22:11 DimensionVisitor: =))
22:12 DimensionVisitor: chetme lau k chs quen me cach cai forge optifine r
22:12 ggmrbeast       : =))))
22:13 DimensionVisitor: làm cái kiếm phòng thân đã =))
22:19 DimensionVisitor: djtme vừa ra biển gặp ngay ô cháu cầm phóng lợn phi gần chết
22:19 DimensionVisitor: dell rơi phóng lợn :((
22:19 ggmrbeast       : =))))
22:19 ggmrbeast       : chet mat do day nhe
22:19 DimensionVisitor: oke :(( '
22:20 ggmrbeast       : =))))
22:20 DimensionVisitor: laggggggggg
22:20 DimensionVisitor: djtme
22:20 DimensionVisitor: :((
22:20 DimensionVisitor: mình ra biển r nó còn gây dame từ trên bờ
22:20 DimensionVisitor: vc :((
22:20 ggmrbeast       : cho cai giuong nay
22:20 DimensionVisitor: ok xin xin
22:20 DimensionVisitor: mat me cai kiem
22:21 ggmrbeast       : tu than van dong kiem lai di nhe =))))
22:23 ggmrbeast       : dc moi dc 1/3 ma met vcl
22:24 DimensionVisitor: :v
22:31 DimensionVisitor: đi cài data của optifine cái
