20:09 peggy     : Heo
20:09 peggy     : m co bi Connection Lost ko ?
20:09 ggmrbeast : ko
20:10 ggmrbeast : bth ma
20:10 peggy     : sao a m cu choi ti la lai bi out cay svc
20:10 peggy     : mang a lag
20:10 ggmrbeast : =)))
20:10 ggmrbeast : ping kag ay
20:10 ggmrbeast : lag
20:10 peggy     : nhan Tab len ma xem
20:11 peggy     : vcl
20:11 ggmrbeast : day =)))
20:11 peggy     : 325 Mpbs
20:11 peggy     : mang khoe vl van lag @@?
20:11 ggmrbeast : tu
20:11 ggmrbeast : de sai ban forge
20:11 ggmrbeast : bat mic
20:18 peggy     : ten lua o dau v
20:19 ggmrbeast : bam F
20:19 peggy     : co bay dc dau
20:19 ggmrbeast : day
20:19 ggmrbeast : =)))
20:19 peggy     : vc
20:19 peggy     : hay v
20:21 ggmrbeast : =)))
20:21 peggy     : vl
20:23 peggy     : deo hieu sao out lien tucf
20:23 peggy     : chac phai xoa Geyser
20:31 peggy     : HELLO E IU
20:36 MilkTea   :  placed a sign @ world: x-363, z495
  QUỲNH MAI
20:47 MilkTea   : LM J DO
20:47 peggy     :  placed a sign @ world: x-361, z495
  VĂN CHIẾN
20:47 MilkTea   : GIUONG DOI LUN
20:48 MilkTea   : HAHA
20:48 peggy     :  placed a sign @ world: x-364, z497
  WELCOME TO
  MY HOUSE
  <3 <3 <3
20:48 peggy     : HEHE :3
20:55 peggy     :  placed a sign @ world: x-361, z495
  VĂN CHIẾN
20:56 MilkTea   : b lm j zo
20:56 peggy     : mk đặt tranh hoy :3
20:57 peggy     : chỗ này sinh tồn được đấy
20:59 MilkTea   : dou r
20:59 peggy     : dang o canh em ne
21:04 peggy     : cute thi' :3
21:04 MilkTea   : di dou z
21:04 peggy     : a di xay nha
21:04 MilkTea   : mk dg xây vườn
21:04 MilkTea   : hihi
21:05 peggy     : oki mk
21:05 peggy     : :3
21:05 ggmrbeast : \
21:16 ggmrbeast : 9
21:16 ggmrbeast : ve coi thu dep k =))
21:16 peggy     : dep day
21:16 peggy     : vcl
21:17 peggy     : xay khiep
21:17 ggmrbeast : =)))
21:17 ggmrbeast : de ay ma
21:17 peggy     : =))) vl day'
21:19 peggy     : lam chuyen mau lien tuc di
21:20 ggmrbeast : de coi
21:22 ggmrbeast : chiu
21:35 ggmrbeast : 9 oi e nghi nhe
21:35 ggmrbeast : met vc
21:35 peggy     : ok
21:39 peggy     : em iu dang xay j zo :3
21:41 MilkTea   :  placed a sign @ world: x-345, z481
  LÀNG ĐÁ
21:43 MilkTea   : nongs may
21:44 peggy     : laptop có quạt mà
21:46 MilkTea   : dem tan hon ak
21:46 peggy     : :3
21:46 peggy     : dung rui :3
21:46 MilkTea   : phong hoi don gian
21:49 ggmrbeast : quen
21:50 peggy     : sao vao r
21:56 ggmrbeast : \
22:00 ggmrbeast : tu tu
22:15 ggmrbeast : dcm dep vcl
22:15 peggy     : KINH DAY
22:18 ggmrbeast : nao ranh lam them cai vu tru =)))))
22:18 ggmrbeast : th nghi nhe
22:18 peggy     : ok
22:18 ggmrbeast : vo day chi de xay cai nay =))
23:07 peggy     : function build:modern
23:34 peggy     : cls
